<?xml version="1.0" encoding="UTF-8"?>
<testsuite xmlns:xsi="http://www.w3.org/2001/XMLSchema-instance" xsi:noNamespaceSchemaLocation="https://maven.apache.org/surefire/maven-surefire-plugin/xsd/surefire-test-report.xsd" version="3.0.2" name="com.example.auth.AuthApplicationTests" time="29.93" tests="10" errors="0" skipped="0" failures="0">
  <properties>
[...]
</properties>
  <testcase name="testInscriptionOK" classname="com.example.auth.AuthApplicationTests" time="2.688">
    <system-out><![CDATA[19:28:45.581 [main] INFO org.springframework.test.context.support.AnnotationConfigContextLoaderUtils -- Could not detect default configuration classes for test class [com.example.auth.AuthApplicationTests]: AuthApplicationTests does not declare any static, non-private, non-final, nested classes annotated with @Configuration.
19:28:46.191 [main] INFO org.springframework.boot.test.context.SpringBootTestContextBootstrapper -- Found @SpringBootConfiguration com.example.auth.AuthApplication for test class com.example.auth.AuthApplicationTests

  .   ____          _            __ _ _
 /\\ / ___'_ __ _ _(_)_ __  __ _ \ \ \ \
( ( )\___ | '_ | '_| | '_ \/ _` | \ \ \ \
 \\/  ___)| |_)| | | | | || (_| |  ) ) ) )
  '  |____| .__|_| |_|_| |_\__, | / / / /
 =========|_|==============|___/=/_/_/_/

 :: Spring Boot ::               (v3.5.11)

2026-03-27T19:28:48.606+04:00  INFO 22552 --- [auth] [           main] com.example.auth.AuthApplicationTests    : Starting AuthApplicationTests using Java 21.0.4 with PID 22552 (started by annes in C:\Users\annes\OneDrive\Desktop\BachelorYear\SamfatWork\TP March\auth-server-tp2\server)
2026-03-27T19:28:48.609+04:00  INFO 22552 --- [auth] [           main] com.example.auth.AuthApplicationTests    : No active profile set, falling back to 1 default profile: "default"
2026-03-27T19:28:51.927+04:00  INFO 22552 --- [auth] [           main] .s.d.r.c.RepositoryConfigurationDelegate : Bootstrapping Spring Data JPA repositories in DEFAULT mode.
2026-03-27T19:28:52.192+04:00  INFO 22552 --- [auth] [           main] .s.d.r.c.RepositoryConfigurationDelegate : Finished Spring Data repository scanning in 218 ms. Found 1 JPA repository interface.
2026-03-27T19:28:55.075+04:00  INFO 22552 --- [auth] [           main] o.hibernate.jpa.internal.util.LogHelper  : HHH000204: Processing PersistenceUnitInfo [name: default]
2026-03-27T19:28:55.375+04:00  INFO 22552 --- [auth] [           main] org.hibernate.Version                    : HHH000412: Hibernate ORM core version 6.6.42.Final
2026-03-27T19:28:55.626+04:00  INFO 22552 --- [auth] [           main] o.h.c.internal.RegionFactoryInitiator    : HHH000026: Second-level cache disabled
2026-03-27T19:28:57.603+04:00  INFO 22552 --- [auth] [           main] o.s.o.j.p.SpringPersistenceUnitInfo      : No LoadTimeWeaver setup: ignoring JPA class transformer
2026-03-27T19:28:57.809+04:00  INFO 22552 --- [auth] [           main] com.zaxxer.hikari.HikariDataSource       : HikariPool-1 - Starting...
2026-03-27T19:28:59.838+04:00  INFO 22552 --- [auth] [           main] com.zaxxer.hikari.pool.HikariPool        : HikariPool-1 - Added connection conn0: url=jdbc:h2:mem:testdb user=SA
2026-03-27T19:28:59.865+04:00  INFO 22552 --- [auth] [           main] com.zaxxer.hikari.HikariDataSource       : HikariPool-1 - Start completed.
2026-03-27T19:29:00.379+04:00  INFO 22552 --- [auth] [           main] org.hibernate.orm.connections.pooling    : HHH10001005: Database info:
	Database JDBC URL [Connecting through datasource 'HikariDataSource (HikariPool-1)']
	Database driver: undefined/unknown
	Database version: 2.3.232
	Autocommit mode: undefined/unknown
	Isolation level: undefined/unknown
	Minimum pool size: undefined/unknown
	Maximum pool size: undefined/unknown
2026-03-27T19:29:05.810+04:00  INFO 22552 --- [auth] [           main] o.h.e.t.j.p.i.JtaPlatformInitiator       : HHH000489: No JTA platform available (set 'hibernate.transaction.jta.platform' to enable JTA platform integration)
Hibernate: create table users (id bigint generated by default as identity, created_at timestamp(6), email varchar(255) not null, failed_attempts integer, lock_until timestamp(6), password_hash varchar(255) not null, token varchar(255), primary key (id))
Hibernate: alter table if exists users drop constraint if exists UK6dotkott2kjsp8vw4d0m25fb7
Hibernate: alter table if exists users add constraint UK6dotkott2kjsp8vw4d0m25fb7 unique (email)
2026-03-27T19:29:06.120+04:00  INFO 22552 --- [auth] [           main] j.LocalContainerEntityManagerFactoryBean : Initialized JPA EntityManagerFactory for persistence unit 'default'
2026-03-27T19:29:07.808+04:00  WARN 22552 --- [auth] [           main] JpaBaseConfiguration$JpaWebConfiguration : spring.jpa.open-in-view is enabled by default. Therefore, database queries may be performed during view rendering. Explicitly configure spring.jpa.open-in-view to disable this warning
2026-03-27T19:29:08.037+04:00  WARN 22552 --- [auth] [           main] .s.s.UserDetailsServiceAutoConfiguration : 

Using generated security password: 0cb735bc-5936-4e2d-a7a5-6b6b4325b1a9

This generated password is for development use only. Your security configuration must be updated before running your application in production.

2026-03-27T19:29:08.141+04:00  INFO 22552 --- [auth] [           main] r$InitializeUserDetailsManagerConfigurer : Global AuthenticationManager configured with UserDetailsService bean with name inMemoryUserDetailsManager
2026-03-27T19:29:10.446+04:00  INFO 22552 --- [auth] [           main] o.s.b.a.h2.H2ConsoleAutoConfiguration    : H2 console available at '/h2-console'. Database available at 'jdbc:h2:mem:testdb'
2026-03-27T19:29:10.850+04:00  INFO 22552 --- [auth] [           main] com.example.auth.AuthApplicationTests    : Started AuthApplicationTests in 23.686 seconds (process running for 28.717)
Hibernate: select u1_0.id,u1_0.created_at,u1_0.email,u1_0.failed_attempts,u1_0.lock_until,u1_0.password_hash,u1_0.token from users u1_0 where u1_0.email=?
Hibernate: insert into users (created_at,email,failed_attempts,lock_until,password_hash,token,id) values (?,?,?,?,?,?,default)
]]></system-out>
    <system-err><![CDATA[Mockito is currently self-attaching to enable the inline-mock-maker. This will no longer work in future releases of the JDK. Please add Mockito as an agent to your build as described in Mockito's documentation: https://javadoc.io/doc/org.mockito/mockito-core/latest/org.mockito/org/mockito/Mockito.html#0.3
WARNING: A Java agent has been loaded dynamically (C:\Users\annes\.m2\repository\net\bytebuddy\byte-buddy-agent\1.17.8\byte-buddy-agent-1.17.8.jar)
WARNING: If a serviceability tool is in use, please run with -XX:+EnableDynamicAgentLoading to hide this warning
WARNING: If a serviceability tool is not in use, please run with -Djdk.instrument.traceUsage for more information
WARNING: Dynamic loading of agents will be disallowed by default in a future release
]]></system-err>
  </testcase>
  <testcase name="testEmailFormatIncorrect" classname="com.example.auth.AuthApplicationTests" time="0.013"/>
  <testcase name="testMotDePasseTropCourt" classname="com.example.auth.AuthApplicationTests" time="0.008"/>
  <testcase name="testEmailVide" classname="com.example.auth.AuthApplicationTests" time="0.008"/>
  <testcase name="testLoginOK" classname="com.example.auth.AuthApplicationTests" time="0.217">
    <system-out><![CDATA[Hibernate: select u1_0.id,u1_0.created_at,u1_0.email,u1_0.failed_attempts,u1_0.lock_until,u1_0.password_hash,u1_0.token from users u1_0 where u1_0.email=?
Hibernate: insert into users (created_at,email,failed_attempts,lock_until,password_hash,token,id) values (?,?,?,?,?,?,default)
Hibernate: select u1_0.id,u1_0.created_at,u1_0.email,u1_0.failed_attempts,u1_0.lock_until,u1_0.password_hash,u1_0.token from users u1_0 where u1_0.email=?
]]></system-out>
  </testcase>
  <testcase name="testAccesMeSansToken" classname="com.example.auth.AuthApplicationTests" time="0.017">
    <system-out><![CDATA[Hibernate: select u1_0.id,u1_0.created_at,u1_0.email,u1_0.failed_attempts,u1_0.lock_until,u1_0.password_hash,u1_0.token from users u1_0 where u1_0.token=?
]]></system-out>
  </testcase>
  <testcase name="testLoginEmailInconnu" classname="com.example.auth.AuthApplicationTests" time="0.012">
    <system-out><![CDATA[Hibernate: select u1_0.id,u1_0.created_at,u1_0.email,u1_0.failed_attempts,u1_0.lock_until,u1_0.password_hash,u1_0.token from users u1_0 where u1_0.email=?
]]></system-out>
  </testcase>
  <testcase name="testLoginMauvaisMotDePasse" classname="com.example.auth.AuthApplicationTests" time="0.214">
    <system-out><![CDATA[Hibernate: select u1_0.id,u1_0.created_at,u1_0.email,u1_0.failed_attempts,u1_0.lock_until,u1_0.password_hash,u1_0.token from users u1_0 where u1_0.email=?
Hibernate: insert into users (created_at,email,failed_attempts,lock_until,password_hash,token,id) values (?,?,?,?,?,?,default)
Hibernate: select u1_0.id,u1_0.created_at,u1_0.email,u1_0.failed_attempts,u1_0.lock_until,u1_0.password_hash,u1_0.token from users u1_0 where u1_0.email=?
]]></system-out>
  </testcase>
  <testcase name="testAccesMeApresLogin" classname="com.example.auth.AuthApplicationTests" time="0.235">
    <system-out><![CDATA[Hibernate: select u1_0.id,u1_0.created_at,u1_0.email,u1_0.failed_attempts,u1_0.lock_until,u1_0.password_hash,u1_0.token from users u1_0 where u1_0.email=?
Hibernate: insert into users (created_at,email,failed_attempts,lock_until,password_hash,token,id) values (?,?,?,?,?,?,default)
Hibernate: select u1_0.id,u1_0.created_at,u1_0.email,u1_0.failed_attempts,u1_0.lock_until,u1_0.password_hash,u1_0.token from users u1_0 where u1_0.email=?
Hibernate: update users set created_at=?,email=?,failed_attempts=?,lock_until=?,password_hash=?,token=? where id=?
Hibernate: select u1_0.id,u1_0.created_at,u1_0.email,u1_0.failed_attempts,u1_0.lock_until,u1_0.password_hash,u1_0.token from users u1_0 where u1_0.token=?
]]></system-out>
  </testcase>
  <testcase name="testEmailDejaExistant" classname="com.example.auth.AuthApplicationTests" time="0.107">
    <system-out><![CDATA[Hibernate: select u1_0.id,u1_0.created_at,u1_0.email,u1_0.failed_attempts,u1_0.lock_until,u1_0.password_hash,u1_0.token from users u1_0 where u1_0.email=?
Hibernate: insert into users (created_at,email,failed_attempts,lock_until,password_hash,token,id) values (?,?,?,?,?,?,default)
Hibernate: select u1_0.id,u1_0.created_at,u1_0.email,u1_0.failed_attempts,u1_0.lock_until,u1_0.password_hash,u1_0.token from users u1_0 where u1_0.email=?
]]></system-out>
  </testcase>
</testsuite>